<?xml version="1.0" encoding="UTF-8"?>
<!-- Generated by org.testng.reporters.JUnitReportReporter -->
<testsuite hostname="CL" failures="0" tests="1" name="test.LoginTest" time="11.043" errors="0" timestamp="2024-08-25T22:04:59 CDT" skipped="0">
  <testcase classname="test.LoginTest" name="validUserShouldBeAbleToLogin" time="11.043"/>
  <system-out/>
</testsuite> <!-- test.LoginTest -->
