<?xml version="1.0" encoding="UTF-8"?>
<!-- Generated by org.testng.reporters.JUnitReportReporter -->
<testsuite hostname="CL" failures="0" tests="1" name="test.AddCustomerTest" time="64.300" errors="0" timestamp="2024-08-25T22:08:41 CDT" skipped="0">
  <testcase classname="test.AddCustomerTest" name="userShouldBeAbleToCreateNewCustomer" time="64.300"/>
  <system-out/>
</testsuite> <!-- test.AddCustomerTest -->
